02:34 INFO    : Waveform generator initiated with
  frequency_domain_source_model: bilby.gw.source.lal_binary_neutron_star
  time_domain_source_model: None
  parameter_conversion: bilby.gw.conversion.convert_to_lal_binary_neutron_star_parameters
02:34 INFO    : Injected signal in H1:
02:34 INFO    :   optimal SNR = 27.01
02:34 INFO    :   matched filter SNR = 27.01+0.00j
02:34 INFO    :   chirp_mass = 1.43
02:34 INFO    :   mass_ratio = 0.69
02:34 INFO    :   a_1 = 0.0
02:34 INFO    :   a_2 = 0.0
02:34 INFO    :   tilt_1 = 0.0
02:34 INFO    :   tilt_2 = 0.0
02:34 INFO    :   theta_jn = 0.1
02:34 INFO    :   luminosity_distance = 95
02:34 INFO    :   phi_jl = 0.0
02:34 INFO    :   psi = 2.659
02:34 INFO    :   phase = 1.3
02:34 INFO    :   geocent_time = 1264069376
02:34 INFO    :   phi_12 = 0.0
02:34 INFO    :   ra = 5.445
02:34 INFO    :   dec = 0.0
02:34 INFO    : Injected signal in L1:
02:34 INFO    :   optimal SNR = 24.77
02:34 INFO    :   matched filter SNR = 24.77+0.00j
02:34 INFO    :   chirp_mass = 1.43
02:34 INFO    :   mass_ratio = 0.69
02:34 INFO    :   a_1 = 0.0
02:34 INFO    :   a_2 = 0.0
02:34 INFO    :   tilt_1 = 0.0
02:34 INFO    :   tilt_2 = 0.0
02:34 INFO    :   theta_jn = 0.1
02:34 INFO    :   luminosity_distance = 95
02:34 INFO    :   phi_jl = 0.0
02:34 INFO    :   psi = 2.659
02:34 INFO    :   phase = 1.3
02:34 INFO    :   geocent_time = 1264069376
02:34 INFO    :   phi_12 = 0.0
02:34 INFO    :   ra = 5.445
02:34 INFO    :   dec = 0.0
02:34 INFO    : Injected signal in V1:
02:34 INFO    :   optimal SNR = 21.19
02:34 INFO    :   matched filter SNR = 21.19+0.00j
02:34 INFO    :   chirp_mass = 1.43
02:34 INFO    :   mass_ratio = 0.69
02:34 INFO    :   a_1 = 0.0
02:34 INFO    :   a_2 = 0.0
02:34 INFO    :   tilt_1 = 0.0
02:34 INFO    :   tilt_2 = 0.0
02:34 INFO    :   theta_jn = 0.1
02:34 INFO    :   luminosity_distance = 95
02:34 INFO    :   phi_jl = 0.0
02:34 INFO    :   psi = 2.659
02:34 INFO    :   phase = 1.3
02:34 INFO    :   geocent_time = 1264069376
02:34 INFO    :   phi_12 = 0.0
02:34 INFO    :   ra = 5.445
02:34 INFO    :   dec = 0.0
02:34 INFO    : Injected signal in K1:
02:34 INFO    :   optimal SNR = 7.23
02:34 INFO    :   matched filter SNR = 7.23-0.00j
02:34 INFO    :   chirp_mass = 1.43
02:34 INFO    :   mass_ratio = 0.69
02:34 INFO    :   a_1 = 0.0
02:34 INFO    :   a_2 = 0.0
02:34 INFO    :   tilt_1 = 0.0
02:34 INFO    :   tilt_2 = 0.0
02:34 INFO    :   theta_jn = 0.1
02:34 INFO    :   luminosity_distance = 95
02:34 INFO    :   phi_jl = 0.0
02:34 INFO    :   psi = 2.659
02:34 INFO    :   phase = 1.3
02:34 INFO    :   geocent_time = 1264069376
02:34 INFO    :   phi_12 = 0.0
02:34 INFO    :   ra = 5.445
02:34 INFO    :   dec = 0.0
02:34 INFO    : Waveform generator initiated with
  frequency_domain_source_model: bilby.gw.source.binary_neutron_star_roq
  time_domain_source_model: None
  parameter_conversion: bilby.gw.conversion.convert_to_lal_binary_neutron_star_parameters
02:34 WARNING : Prior not provided for phase, using the BBH default.
02:34 INFO    : No prior given, using default BBH priors in /home/jason/miniconda3/envs/env1/lib/python3.9/site-packages/bilby/gw/prior_files/precessing_spins_bbh.prior.
02:34 INFO    : Distance marginalisation file .distance_marginalization_lookup.npz does not exist
02:34 INFO    : Building lookup table for distance marginalisation.
02:35 INFO    : Loading linear_matrix from /home/jason/Bilby/my_own_runs/bilby_run03.1/roq/basis_256s.hdf5
02:35 INFO    : Loading quadratic_matrix from /home/jason/Bilby/my_own_runs/bilby_run03.1/roq/basis_256s.hdf5
02:35 INFO    : ROQ time-step = 7.62939453125e-05
02:35 INFO    : Using 1128 ROQ time samples
02:35 INFO    : Building linear ROQ weights for the 6-th basis.
02:35 INFO    : Building quadratic ROQ weights for the 6-th basis.
02:35 INFO    : Running for label 'bns_example', output will be saved to '/home/jason/Bilby/my_own_runs/bilby_run03.1/outdirTaylorF2ThreePointFivePN/95_1.43_1.43/'
02:35 INFO    : Using lal version 7.3.1
02:35 INFO    : Using lal git version Branch: None;Tag: lalsuite-v7.16;Id: eabfdf4e4d3fc392b912ffd053b238d0f18a064a;;Builder: Unknown User <>;Repository status: UNCLEAN: Modified working tree
02:35 INFO    : Using lalsimulation version 5.2.1
02:35 INFO    : Using lalsimulation git version Branch: None;Tag: lalsuite-v7.16;Id: eabfdf4e4d3fc392b912ffd053b238d0f18a064a;;Builder: Unknown User <>;Repository status: UNCLEAN: Modified working tree
02:35 INFO    : Analysis priors:
02:35 INFO    : chirp_mass=Uniform(minimum=1.4, maximum=1.46, name='chirp_mass', latex_label='$\\mathcal{M}$', unit=None, boundary=None)
02:35 INFO    : mass_ratio=Uniform(minimum=0.25, maximum=1, name='mass_ratio', latex_label='$q$', unit=None, boundary=None)
02:35 INFO    : a_1=Uniform(minimum=0, maximum=0.05, name='a_1', latex_label='$a_1$', unit=None, boundary=None)
02:35 INFO    : a_2=Uniform(minimum=0, maximum=0.05, name='a_2', latex_label='$a_2$', unit=None, boundary=None)
02:35 INFO    : phi_jl=Uniform(minimum=0, maximum=6.283185307179586, name='phi_jl', latex_label='$\\phi_{JL}$', unit=None, boundary='periodic')
02:35 INFO    : theta_jn=Sine(minimum=0, maximum=3.141592653589793, name='theta_jn', latex_label='$\\theta_{JN}$', unit=None, boundary=None)
02:35 INFO    : psi=Uniform(minimum=0, maximum=3.141592653589793, name='psi', latex_label='$\\psi$', unit=None, boundary='periodic')
02:35 INFO    : mass_1=Constraint(minimum=1.0, maximum=3.0, name='mass_1', latex_label='$m_1$', unit=None)
02:35 INFO    : mass_2=Constraint(minimum=1.0, maximum=3.0, name='mass_2', latex_label='$m_2$', unit=None)
02:35 INFO    : tilt_1=0.0
02:35 INFO    : tilt_2=0.0
02:35 INFO    : phi_12=0.0
02:35 INFO    : luminosity_distance=170.6513363525395
02:35 INFO    : dec=0.0
02:35 INFO    : ra=5.445
02:35 INFO    : geocent_time=1264069376
02:35 INFO    : phase=0.0
02:35 INFO    : Analysis likelihood class: <class 'bilby.gw.likelihood.roq.ROQGravitationalWaveTransient'>
02:35 INFO    : Analysis likelihood noise evidence: -922.1311735900957
02:35 INFO    : Single likelihood evaluation took 8.934e-04 s
02:35 INFO    : Using sampler Dynesty with kwargs {'nlive': 2000, 'bound': 'live', 'sample': 'act-walk', 'periodic': None, 'reflective': None, 'update_interval': 600, 'first_update': None, 'npdim': None, 'rstate': None, 'queue_size': 100, 'pool': None, 'use_pool': None, 'live_points': None, 'logl_args': None, 'logl_kwargs': None, 'ptform_args': None, 'ptform_kwargs': None, 'gradient': None, 'grad_args': None, 'grad_kwargs': None, 'compute_jac': False, 'enlarge': None, 'bootstrap': None, 'walks': 100, 'facc': 0.2, 'slices': None, 'fmove': 0.9, 'max_move': 100, 'update_func': None, 'ncdim': None, 'blob': False, 'save_history': False, 'history_filename': None, 'maxiter': None, 'maxcall': None, 'dlogz': 0.1, 'logl_max': inf, 'n_effective': None, 'add_live': True, 'print_progress': True, 'print_func': <bound method Dynesty._print_func of <bilby.core.sampler.dynesty.Dynesty object at 0x7f2a966da6a0>>, 'save_bounds': False, 'checkpoint_file': None, 'checkpoint_every': 60, 'resume': False}
02:35 INFO    : Checkpoint every check_point_delta_t = 600s
02:35 INFO    : Using dynesty version 2.1.2
02:35 INFO    : Using the bilby-implemented rwalk sampling tracking the autocorrelation function and thinning by 10 with maximum length 50000
02:35 INFO    : Setting up multiproccesing pool with 100 processes
02:35 INFO    : Resume file /home/jason/Bilby/my_own_runs/bilby_run03.1/outdirTaylorF2ThreePointFivePN/95_1.43_1.43//bns_example_resume.pickle does not exist.
02:35 INFO    : Generating initial points from the prior
02:45 INFO    : Written checkpoint file /home/jason/Bilby/my_own_runs/bilby_run03.1/outdirTaylorF2ThreePointFivePN/95_1.43_1.43//bns_example_resume.pickle
02:45 WARNING : Axis limits cannot be NaN or Inf
02:45 WARNING : Failed to create dynesty run plot at checkpoint
02:45 INFO    : Starting to close worker pool.
02:45 INFO    : Finished closing worker pool.
02:45 INFO    : Rejection sampling nested samples to obtain 6508 posterior samples
02:45 INFO    : Sampling time: 0:10:05.503496
02:45 INFO    : Computing per-detector log likelihoods.
02:45 INFO    : Using a pool with size 100 for nsamples=6508
02:45 INFO    : Reconstructing marginalised parameters.
02:45 INFO    : Using a pool with size 100 for nsamples=6508
02:45 INFO    : Generating sky frame parameters.
02:45 INFO    : Computing SNRs for every sample.
02:46 INFO    : Using a pool with size 100 for nsamples=6508
02:46 INFO    : Summary of results:
nsamples: 6508
ln_noise_evidence: -922.131
ln_evidence: -23.577 +/-  0.104
ln_bayes_factor: 898.554 +/-  0.104

